ERROR - 2023-05-27 19:09:06 --> Error connecting to the database: mysqli_sql_exception: Unknown database 'belajarci' in C:\xampp\htdocs\belajarci7\system\Database\MySQLi\Connection.php:173
Stack trace:
#0 C:\xampp\htdocs\belajarci7\system\Database\MySQLi\Connection.php(173): mysqli->real_connect('localhost', 'root', Object(SensitiveParameterValue), 'belajarci', 3306, '', 0)
#1 C:\xampp\htdocs\belajarci7\system\Database\BaseConnection.php(391): CodeIgniter\Database\MySQLi\Connection->connect(false)
#2 C:\xampp\htdocs\belajarci7\system\Database\BaseConnection.php(573): CodeIgniter\Database\BaseConnection->initialize()
#3 C:\xampp\htdocs\belajarci7\system\Database\BaseConnection.php(1408): CodeIgniter\Database\BaseConnection->query('SHOW TABLES FRO...')
#4 C:\xampp\htdocs\belajarci7\system\Database\BaseConnection.php(1427): CodeIgniter\Database\BaseConnection->listTables()
#5 C:\xampp\htdocs\belajarci7\system\Database\MigrationRunner.php(768): CodeIgniter\Database\BaseConnection->tableExists('migrations')
#6 C:\xampp\htdocs\belajarci7\system\Database\MigrationRunner.php(168): CodeIgniter\Database\MigrationRunner->ensureTable()
#7 C:\xampp\htdocs\belajarci7\system\Commands\Database\Migrate.php(84): CodeIgniter\Database\MigrationRunner->latest(NULL)
#8 C:\xampp\htdocs\belajarci7\system\CLI\Commands.php(65): CodeIgniter\Commands\Database\Migrate->run(Array)
#9 C:\xampp\htdocs\belajarci7\system\CLI\Console.php(37): CodeIgniter\CLI\Commands->run('migrate', Array)
#10 C:\xampp\htdocs\belajarci7\spark(97): CodeIgniter\CLI\Console->run()
#11 {main}

Next CodeIgniter\Database\Exceptions\DatabaseException: Unknown database 'belajarci' in C:\xampp\htdocs\belajarci7\system\Database\MySQLi\Connection.php:218
Stack trace:
#0 C:\xampp\htdocs\belajarci7\system\Database\BaseConnection.php(391): CodeIgniter\Database\MySQLi\Connection->connect(false)
#1 C:\xampp\htdocs\belajarci7\system\Database\BaseConnection.php(573): CodeIgniter\Database\BaseConnection->initialize()
#2 C:\xampp\htdocs\belajarci7\system\Database\BaseConnection.php(1408): CodeIgniter\Database\BaseConnection->query('SHOW TABLES FRO...')
#3 C:\xampp\htdocs\belajarci7\system\Database\BaseConnection.php(1427): CodeIgniter\Database\BaseConnection->listTables()
#4 C:\xampp\htdocs\belajarci7\system\Database\MigrationRunner.php(768): CodeIgniter\Database\BaseConnection->tableExists('migrations')
#5 C:\xampp\htdocs\belajarci7\system\Database\MigrationRunner.php(168): CodeIgniter\Database\MigrationRunner->ensureTable()
#6 C:\xampp\htdocs\belajarci7\system\Commands\Database\Migrate.php(84): CodeIgniter\Database\MigrationRunner->latest(NULL)
#7 C:\xampp\htdocs\belajarci7\system\CLI\Commands.php(65): CodeIgniter\Commands\Database\Migrate->run(Array)
#8 C:\xampp\htdocs\belajarci7\system\CLI\Console.php(37): CodeIgniter\CLI\Commands->run('migrate', Array)
#9 C:\xampp\htdocs\belajarci7\spark(97): CodeIgniter\CLI\Console->run()
#10 {main}
CRITICAL - 2023-05-27 20:07:02 --> syntax error, unexpected token "/"
in APPPATH\Views\layoutsV2\navbar.php on line 159.
 1 SYSTEMPATH\View\View.php(216): CodeIgniter\View\View->CodeIgniter\View\{closure}()
 2 SYSTEMPATH\View\View.php(431): CodeIgniter\View\View->render('layoutsV2/navbar', null, true)
 3 APPPATH\Views\admin\base.php(24): CodeIgniter\View\View->include('layoutsV2/navbar')
 4 SYSTEMPATH\View\View.php(213): include('APPPATH\\Views\\admin\\base.php')
 5 SYSTEMPATH\View\View.php(216): CodeIgniter\View\View->CodeIgniter\View\{closure}()
 6 SYSTEMPATH\View\View.php(229): CodeIgniter\View\View->render('admin/base', [], true)
 7 SYSTEMPATH\Common.php(1184): CodeIgniter\View\View->render('product/index', [], true)
 8 APPPATH\Controllers\Product.php(28): view('product/index', [...])
 9 SYSTEMPATH\CodeIgniter.php(934): App\Controllers\Product->index()
10 SYSTEMPATH\CodeIgniter.php(499): CodeIgniter\CodeIgniter->runController(Object(App\Controllers\Product))
11 SYSTEMPATH\CodeIgniter.php(368): CodeIgniter\CodeIgniter->handleRequest(null, Object(Config\Cache), false)
12 FCPATH\index.php(67): CodeIgniter\CodeIgniter->run()
13 SYSTEMPATH\Commands\Server\rewrite.php(47): require_once('FCPATH\\index.php')
CRITICAL - 2023-05-27 20:07:07 --> syntax error, unexpected token "/"
in APPPATH\Views\layoutsV2\navbar.php on line 159.
 1 SYSTEMPATH\View\View.php(216): CodeIgniter\View\View->CodeIgniter\View\{closure}()
 2 SYSTEMPATH\View\View.php(431): CodeIgniter\View\View->render('layoutsV2/navbar', null, true)
 3 APPPATH\Views\admin\base.php(24): CodeIgniter\View\View->include('layoutsV2/navbar')
 4 SYSTEMPATH\View\View.php(213): include('APPPATH\\Views\\admin\\base.php')
 5 SYSTEMPATH\View\View.php(216): CodeIgniter\View\View->CodeIgniter\View\{closure}()
 6 SYSTEMPATH\View\View.php(229): CodeIgniter\View\View->render('admin/base', [], true)
 7 SYSTEMPATH\Common.php(1184): CodeIgniter\View\View->render('product/index', [], true)
 8 APPPATH\Controllers\Product.php(28): view('product/index', [...])
 9 SYSTEMPATH\CodeIgniter.php(934): App\Controllers\Product->index()
10 SYSTEMPATH\CodeIgniter.php(499): CodeIgniter\CodeIgniter->runController(Object(App\Controllers\Product))
11 SYSTEMPATH\CodeIgniter.php(368): CodeIgniter\CodeIgniter->handleRequest(null, Object(Config\Cache), false)
12 FCPATH\index.php(67): CodeIgniter\CodeIgniter->run()
13 SYSTEMPATH\Commands\Server\rewrite.php(47): require_once('FCPATH\\index.php')
CRITICAL - 2023-05-27 20:07:14 --> syntax error, unexpected token "/"
in APPPATH\Views\layoutsV2\navbar.php on line 159.
 1 SYSTEMPATH\View\View.php(216): CodeIgniter\View\View->CodeIgniter\View\{closure}()
 2 SYSTEMPATH\View\View.php(431): CodeIgniter\View\View->render('layoutsV2/navbar', null, true)
 3 APPPATH\Views\admin\base.php(24): CodeIgniter\View\View->include('layoutsV2/navbar')
 4 SYSTEMPATH\View\View.php(213): include('APPPATH\\Views\\admin\\base.php')
 5 SYSTEMPATH\View\View.php(216): CodeIgniter\View\View->CodeIgniter\View\{closure}()
 6 SYSTEMPATH\View\View.php(229): CodeIgniter\View\View->render('admin/base', [], true)
 7 SYSTEMPATH\Common.php(1184): CodeIgniter\View\View->render('product/index', [], true)
 8 APPPATH\Controllers\Product.php(28): view('product/index', [...])
 9 SYSTEMPATH\CodeIgniter.php(934): App\Controllers\Product->index()
10 SYSTEMPATH\CodeIgniter.php(499): CodeIgniter\CodeIgniter->runController(Object(App\Controllers\Product))
11 SYSTEMPATH\CodeIgniter.php(368): CodeIgniter\CodeIgniter->handleRequest(null, Object(Config\Cache), false)
12 FCPATH\index.php(67): CodeIgniter\CodeIgniter->run()
13 SYSTEMPATH\Commands\Server\rewrite.php(47): require_once('FCPATH\\index.php')
